0 info it worked if it ends with ok
1 verbose cli [ 'C:\\Program Files\\nodejs\\node.exe',
1 verbose cli   'C:\\Program Files\\nodejs\\node_modules\\npm\\bin\\npm-cli.js',
1 verbose cli   'start' ]
2 info using npm@3.10.9
3 info using node@v6.9.2
4 verbose run-script [ 'prestart', 'start', 'poststart' ]
5 info lifecycle ClipTwo@1.3.0~prestart: ClipTwo@1.3.0
6 silly lifecycle ClipTwo@1.3.0~prestart: no script for prestart, continuing
7 info lifecycle ClipTwo@1.3.0~start: ClipTwo@1.3.0
8 verbose lifecycle ClipTwo@1.3.0~start: unsafe-perm in lifecycle true
9 verbose lifecycle ClipTwo@1.3.0~start: PATH: C:\Program Files\nodejs\node_modules\npm\bin\node-gyp-bin;D:\GitHub\clip-two\AngularJs-Admin\node_modules\.bin;C:\Windows\system32;C:\Windows;C:\Windows\System32\Wbem;C:\Windows\System32\WindowsPowerShell\v1.0\;C:\Program Files (x86)\ATI Technologies\ATI.ACE\Core-Static;C:\Program Files (x86)\Java\JDK8\bin;C:\Program Files\Oracle\instantclient_12_1;C:\Program Files\Oracle\instantclient_12_1;C:\Program Files\TortoiseSVN\bin;C:\Program Files\nodejs\;C:\Users\junca\AppData\Local\Programs\Python\Python35\Scripts\;C:\Users\junca\AppData\Local\Programs\Python\Python35\;d:\sonar-runner-2.4\bin;C:\Users\junca\AppData\Roaming\npm;C:\Program Files (x86)\Microsoft VS Code\bin
10 verbose lifecycle ClipTwo@1.3.0~start: CWD: D:\GitHub\clip-two\AngularJs-Admin
11 silly lifecycle ClipTwo@1.3.0~start: Args: [ '/d /s /c',
11 silly lifecycle   'node node_modules/http-server/bin/http-server -o' ]
12 silly lifecycle ClipTwo@1.3.0~start: Returned: code: 1  signal: null
13 info lifecycle ClipTwo@1.3.0~start: Failed to exec start script
14 verbose stack Error: ClipTwo@1.3.0 start: `node node_modules/http-server/bin/http-server -o`
14 verbose stack Exit status 1
14 verbose stack     at EventEmitter.<anonymous> (C:\Program Files\nodejs\node_modules\npm\lib\utils\lifecycle.js:255:16)
14 verbose stack     at emitTwo (events.js:106:13)
14 verbose stack     at EventEmitter.emit (events.js:191:7)
14 verbose stack     at ChildProcess.<anonymous> (C:\Program Files\nodejs\node_modules\npm\lib\utils\spawn.js:40:14)
14 verbose stack     at emitTwo (events.js:106:13)
14 verbose stack     at ChildProcess.emit (events.js:191:7)
14 verbose stack     at maybeClose (internal/child_process.js:877:16)
14 verbose stack     at Process.ChildProcess._handle.onexit (internal/child_process.js:226:5)
15 verbose pkgid ClipTwo@1.3.0
16 verbose cwd D:\GitHub\clip-two\AngularJs-Admin
17 error Windows_NT 10.0.10586
18 error argv "C:\\Program Files\\nodejs\\node.exe" "C:\\Program Files\\nodejs\\node_modules\\npm\\bin\\npm-cli.js" "start"
19 error node v6.9.2
20 error npm  v3.10.9
21 error code ELIFECYCLE
22 error ClipTwo@1.3.0 start: `node node_modules/http-server/bin/http-server -o`
22 error Exit status 1
23 error Failed at the ClipTwo@1.3.0 start script 'node node_modules/http-server/bin/http-server -o'.
23 error Make sure you have the latest version of node.js and npm installed.
23 error If you do, this is most likely a problem with the ClipTwo package,
23 error not with npm itself.
23 error Tell the author that this fails on your system:
23 error     node node_modules/http-server/bin/http-server -o
23 error You can get information on how to open an issue for this project with:
23 error     npm bugs ClipTwo
23 error Or if that isn't available, you can get their info via:
23 error     npm owner ls ClipTwo
23 error There is likely additional logging output above.
24 verbose exit [ 1, true ]
